0 info it worked if it ends with ok
1 verbose cli [ '/home/ubuntu/.nvm/v0.10.35/bin/node',
1 verbose cli   '/home/ubuntu/.nvm/v0.10.35/bin/npm',
1 verbose cli   'install',
1 verbose cli   'node-imap' ]
2 info using npm@1.4.28
3 info using node@v0.10.35
4 verbose readDependencies using package.json deps
5 verbose cache add [ 'node-imap', null ]
6 verbose cache add name=undefined spec="node-imap" args=["node-imap",null]
7 verbose parsed url { protocol: null,
7 verbose parsed url   slashes: null,
7 verbose parsed url   auth: null,
7 verbose parsed url   host: null,
7 verbose parsed url   port: null,
7 verbose parsed url   hostname: null,
7 verbose parsed url   hash: null,
7 verbose parsed url   search: null,
7 verbose parsed url   query: null,
7 verbose parsed url   pathname: 'node-imap',
7 verbose parsed url   path: 'node-imap',
7 verbose parsed url   href: 'node-imap' }
8 silly lockFile 578c7ad3-node-imap node-imap
9 verbose lock node-imap /home/ubuntu/.npm/578c7ad3-node-imap.lock
10 silly lockFile 578c7ad3-node-imap node-imap
11 silly lockFile 578c7ad3-node-imap node-imap
12 verbose addNamed [ 'node-imap', '' ]
13 verbose addNamed [ null, '*' ]
14 silly lockFile 281334eb-node-imap node-imap@
15 verbose lock node-imap@ /home/ubuntu/.npm/281334eb-node-imap.lock
16 silly addNameRange { name: 'node-imap', range: '*', hasData: false }
17 verbose request where is /node-imap
18 verbose request registry https://registry.npmjs.org/
19 verbose request id 145e527f742cc780
20 verbose url raw /node-imap
21 verbose url resolving [ 'https://registry.npmjs.org/', './node-imap' ]
22 verbose url resolved https://registry.npmjs.org/node-imap
23 verbose request where is https://registry.npmjs.org/node-imap
24 info trying registry request attempt 1 at 18:31:24
25 http GET https://registry.npmjs.org/node-imap
26 http 404 https://registry.npmjs.org/node-imap
27 verbose headers { server: 'CouchDB/1.5.0 (Erlang OTP/R16B03)',
27 verbose headers   'content-type': 'application/json',
27 verbose headers   'cache-control': 'max-age=0',
27 verbose headers   'content-length': '51',
27 verbose headers   'accept-ranges': 'bytes',
27 verbose headers   date: 'Wed, 20 May 2015 18:31:24 GMT',
27 verbose headers   via: '1.1 varnish',
27 verbose headers   age: '0',
27 verbose headers   connection: 'keep-alive',
27 verbose headers   'x-served-by': 'cache-hkg6824-HKG',
27 verbose headers   'x-cache': 'MISS',
27 verbose headers   'x-cache-hits': '0',
27 verbose headers   'x-timer': 'S1432146684.632262,VS0,VE254' }
28 silly registry.get cb [ 404,
28 silly registry.get   { server: 'CouchDB/1.5.0 (Erlang OTP/R16B03)',
28 silly registry.get     'content-type': 'application/json',
28 silly registry.get     'cache-control': 'max-age=0',
28 silly registry.get     'content-length': '51',
28 silly registry.get     'accept-ranges': 'bytes',
28 silly registry.get     date: 'Wed, 20 May 2015 18:31:24 GMT',
28 silly registry.get     via: '1.1 varnish',
28 silly registry.get     age: '0',
28 silly registry.get     connection: 'keep-alive',
28 silly registry.get     'x-served-by': 'cache-hkg6824-HKG',
28 silly registry.get     'x-cache': 'MISS',
28 silly registry.get     'x-cache-hits': '0',
28 silly registry.get     'x-timer': 'S1432146684.632262,VS0,VE254' } ]
29 silly lockFile 281334eb-node-imap node-imap@
30 silly lockFile 281334eb-node-imap node-imap@
31 error 404 404 Not Found: node-imap
31 error 404
31 error 404 'node-imap' is not in the npm registry.
31 error 404 You should bug the author to publish it
31 error 404 It was specified as a dependency of 'acs'
31 error 404
31 error 404 Maybe try 'npm search imap'
31 error 404
31 error 404 Note that you can also install from a
31 error 404 tarball, folder, or http url, or git url.
32 error System Linux 3.14.13-c9
33 error command "/home/ubuntu/.nvm/v0.10.35/bin/node" "/home/ubuntu/.nvm/v0.10.35/bin/npm" "install" "node-imap"
34 error cwd /home/ubuntu/workspace
35 error node -v v0.10.35
36 error npm -v 1.4.28
37 error code E404
38 verbose exit [ 1, true ]
